Started GET "/" for 127.0.0.1 at 2018-01-16 09:37:30 +0545
Processing by Rails::WelcomeController#index as HTML
  Rendering /home/jenish/.rvm/gems/ruby-2.4.2/gems/railties-5.1.4/lib/rails/templates/rails/welcome/index.html.erb
  Rendered /home/jenish/.rvm/gems/ruby-2.4.2/gems/railties-5.1.4/lib/rails/templates/rails/welcome/index.html.erb (5.9ms)
Completed 200 OK in 282ms (Views: 30.1ms)


Started GET "/" for 127.0.0.1 at 2018-01-16 09:41:51 +0545
Processing by PagesController#home as HTML
  Rendering pages/home.html.erb within layouts/application
  Rendered pages/home.html.erb within layouts/application (0.3ms)
Completed 200 OK in 1779ms (Views: 1778.4ms)


Started GET "/contact" for 127.0.0.1 at 2018-01-16 09:45:10 +0545
  
ActionController::RoutingError (No route matches [GET] "/contact"):
  
actionpack (5.1.4) lib/action_dispatch/middleware/debug_exceptions.rb:63:in `call'
web-console (3.5.1) lib/web_console/middleware.rb:135:in `call_app'
web-console (3.5.1) lib/web_console/middleware.rb:28:in `block in call'
web-console (3.5.1) lib/web_console/middleware.rb:18:in `catch'
web-console (3.5.1) lib/web_console/middleware.rb:18:in `call'
actionpack (5.1.4) lib/action_dispatch/middleware/show_exceptions.rb:31:in `call'
railties (5.1.4) lib/rails/rack/logger.rb:36:in `call_app'
railties (5.1.4) lib/rails/rack/logger.rb:24:in `block in call'
activesupport (5.1.4) lib/active_support/tagged_logging.rb:69:in `block in tagged'
activesupport (5.1.4) lib/active_support/tagged_logging.rb:26:in `tagged'
activesupport (5.1.4) lib/active_support/tagged_logging.rb:69:in `tagged'
railties (5.1.4) lib/rails/rack/logger.rb:24:in `call'
sprockets-rails (3.2.1) lib/sprockets/rails/quiet_assets.rb:13:in `call'
actionpack (5.1.4) lib/action_dispatch/middleware/remote_ip.rb:79:in `call'
actionpack (5.1.4) lib/action_dispatch/middleware/request_id.rb:25:in `call'
rack (2.0.3) lib/rack/method_override.rb:22:in `call'
rack (2.0.3) lib/rack/runtime.rb:22:in `call'
activesupport (5.1.4) lib/active_support/cache/strategy/local_cache_middleware.rb:27:in `call'
actionpack (5.1.4) lib/action_dispatch/middleware/executor.rb:12:in `call'
actionpack (5.1.4) lib/action_dispatch/middleware/static.rb:125:in `call'
rack (2.0.3) lib/rack/sendfile.rb:111:in `call'
railties (5.1.4) lib/rails/engine.rb:522:in `call'
puma (3.11.0) lib/puma/configuration.rb:225:in `call'
puma (3.11.0) lib/puma/server.rb:624:in `handle_request'
puma (3.11.0) lib/puma/server.rb:438:in `process_client'
puma (3.11.0) lib/puma/server.rb:302:in `block in run'
puma (3.11.0) lib/puma/thread_pool.rb:120:in `block in spawn_thread'
Started GET "/pages/contact" for 127.0.0.1 at 2018-01-16 09:45:18 +0545
Processing by PagesController#contact as HTML
  Rendering pages/contact.html.erb within layouts/application
  Rendered pages/contact.html.erb within layouts/application (0.5ms)
Completed 200 OK in 19ms (Views: 18.2ms)


Started GET "/" for 127.0.0.1 at 2018-01-16 09:45:22 +0545
Processing by PagesController#home as HTML
  Rendering pages/home.html.erb within layouts/application
  Rendered pages/home.html.erb within layouts/application (0.3ms)
Completed 200 OK in 17ms (Views: 16.1ms)


Started GET "/" for 127.0.0.1 at 2018-01-16 09:57:54 +0545
Processing by PagesController#home as HTML
  Rendering pages/home.html.erb within layouts/application
  Rendered pages/home.html.erb within layouts/application (0.3ms)
Completed 200 OK in 15ms (Views: 14.4ms)


Started GET "/" for 127.0.0.1 at 2018-01-16 09:57:57 +0545
Processing by PagesController#home as HTML
  Rendering pages/home.html.erb within layouts/application
  Rendered pages/home.html.erb within layouts/application (0.6ms)
Completed 200 OK in 23ms (Views: 21.6ms)


Started GET "/" for 127.0.0.1 at 2018-01-16 09:58:03 +0545
Processing by PagesController#home as HTML
  Rendering pages/home.html.erb within layouts/application
  Rendered pages/home.html.erb within layouts/application (0.5ms)
Completed 200 OK in 39ms (Views: 37.7ms)


Started GET "/" for 127.0.0.1 at 2018-01-16 09:58:15 +0545
Processing by PagesController#home as HTML
  Rendering pages/home.html within layouts/application
  Rendered pages/home.html within layouts/application (0.5ms)
Completed 200 OK in 21ms (Views: 20.2ms)


Started GET "/" for 127.0.0.1 at 2018-01-16 09:58:23 +0545
Processing by PagesController#home as HTML
  Rendering pages/home.html within layouts/application
  Rendered pages/home.html within layouts/application (0.8ms)
Completed 200 OK in 25ms (Views: 22.5ms)


Started GET "/" for 127.0.0.1 at 2018-01-16 10:03:13 +0545
Processing by PagesController#home as HTML
  Rendering pages/home.html within layouts/application
  Rendered pages/home.html within layouts/application (0.6ms)
Completed 200 OK in 281ms (Views: 125.7ms)


Started GET "/" for 127.0.0.1 at 2018-01-16 10:03:57 +0545
Processing by PagesController#home as HTML
  Rendering pages/home.html within layouts/application
  Rendered pages/home.html within layouts/application (0.3ms)
Completed 200 OK in 14ms (Views: 11.7ms)


